CRITICAL - 2026-05-06 10:09:20 --> ErrorException: Uncaught CodeIgniter\Exceptions\PageNotFoundException: Can't find a route for 'CLI: /'. in C:\xampp\htdocs\UASPW\system\CodeIgniter.php:1001
Stack trace:
#0 C:\xampp\htdocs\UASPW\system\CodeIgniter.php(1001): CodeIgniter\Exceptions\PageNotFoundException::forPageNotFound('Can't find a ro...')
#1 C:\xampp\htdocs\UASPW\system\CodeIgniter.php(346): CodeIgniter\CodeIgniter->display404errors(Object(CodeIgniter\Exceptions\PageNotFoundException))
#2 C:\xampp\htdocs\UASPW\system\Boot.php(417): CodeIgniter\CodeIgniter->run()
#3 C:\xampp\htdocs\UASPW\system\Boot.php(68): CodeIgniter\Boot::runCodeIgniter(Object(CodeIgniter\CodeIgniter))
#4 C:\xampp\htdocs\UASPW\public\index.php(59): CodeIgniter\Boot::bootWeb(Object(Config\Paths))
#5 Command line code(1): require('C:\\xampp\\htdocs...')
#6 {main}
  thrown
[Method: CLI, Route: /]
in SYSTEMPATH\CodeIgniter.php on line 1001.
 1 [internal function]: CodeIgniter\Debug\Exceptions->shutdownHandler()
CRITICAL - 2026-05-06 10:21:23 --> ErrorException: Undefined variable $akun_peserta
[Method: GET, Route: tim/tambah]
in APPPATH\Views\tim\form.php on line 23.
 1 APPPATH\Views\tim\form.php(23): CodeIgniter\Debug\Exceptions->errorHandler(2, 'Undefined variable $akun_peserta', 'C:\\xampp\\htdocs\\UASPW\\app\\Views\\tim\\form.php', 23)
 2 SYSTEMPATH\View\View.php(238): include('C:\\xampp\\htdocs\\UASPW\\app\\Views\\tim\\form.php')
 3 SYSTEMPATH\View\View.php(241): CodeIgniter\View\View->CodeIgniter\View\{closure}()
 4 SYSTEMPATH\Common.php(1250): CodeIgniter\View\View->render('tim/form', [], true)
 5 APPPATH\Controllers\Tim.php(52): view('tim/form', [...])
 6 SYSTEMPATH\CodeIgniter.php(951): App\Controllers\Tim->tambah()
 7 SYSTEMPATH\CodeIgniter.php(497): CodeIgniter\CodeIgniter->runController(Object(App\Controllers\Tim))
 8 SYSTEMPATH\CodeIgniter.php(340): CodeIgniter\CodeIgniter->handleRequest(null, Object(Config\Cache), false)
 9 SYSTEMPATH\Boot.php(417): CodeIgniter\CodeIgniter->run()
10 SYSTEMPATH\Boot.php(68): CodeIgniter\Boot::runCodeIgniter(Object(CodeIgniter\CodeIgniter))
11 FCPATH\index.php(59): CodeIgniter\Boot::bootWeb(Object(Config\Paths))
CRITICAL - 2026-05-06 10:23:22 --> CodeIgniter\View\Exceptions\ViewException: Invalid file: "tim/profil.php"
[Method: GET, Route: tim/profil]
in SYSTEMPATH\Exceptions\FrameworkException.php on line 39.
 1 SYSTEMPATH\View\View.php(226): CodeIgniter\Exceptions\FrameworkException::forInvalidFile('tim/profil.php')
 2 SYSTEMPATH\Common.php(1250): CodeIgniter\View\View->render('tim/profil', [], true)
 3 APPPATH\Controllers\Tim.php(44): view('tim/profil', [...])
 4 SYSTEMPATH\CodeIgniter.php(951): App\Controllers\Tim->profil()
 5 SYSTEMPATH\CodeIgniter.php(497): CodeIgniter\CodeIgniter->runController(Object(App\Controllers\Tim))
 6 SYSTEMPATH\CodeIgniter.php(340): CodeIgniter\CodeIgniter->handleRequest(null, Object(Config\Cache), false)
 7 SYSTEMPATH\Boot.php(417): CodeIgniter\CodeIgniter->run()
 8 SYSTEMPATH\Boot.php(68): CodeIgniter\Boot::runCodeIgniter(Object(CodeIgniter\CodeIgniter))
 9 FCPATH\index.php(59): CodeIgniter\Boot::bootWeb(Object(Config\Paths))
CRITICAL - 2026-05-06 10:40:13 --> CodeIgniter\View\Exceptions\ViewException: Invalid file: "tim/profil.php"
[Method: GET, Route: tim/profil]
in SYSTEMPATH\Exceptions\FrameworkException.php on line 39.
 1 SYSTEMPATH\View\View.php(226): CodeIgniter\Exceptions\FrameworkException::forInvalidFile('tim/profil.php')
 2 SYSTEMPATH\Common.php(1250): CodeIgniter\View\View->render('tim/profil', [], true)
 3 APPPATH\Controllers\Tim.php(44): view('tim/profil', [...])
 4 SYSTEMPATH\CodeIgniter.php(951): App\Controllers\Tim->profil()
 5 SYSTEMPATH\CodeIgniter.php(497): CodeIgniter\CodeIgniter->runController(Object(App\Controllers\Tim))
 6 SYSTEMPATH\CodeIgniter.php(340): CodeIgniter\CodeIgniter->handleRequest(null, Object(Config\Cache), false)
 7 SYSTEMPATH\Boot.php(417): CodeIgniter\CodeIgniter->run()
 8 SYSTEMPATH\Boot.php(68): CodeIgniter\Boot::runCodeIgniter(Object(CodeIgniter\CodeIgniter))
 9 FCPATH\index.php(59): CodeIgniter\Boot::bootWeb(Object(Config\Paths))
CRITICAL - 2026-05-06 10:40:28 --> ErrorException: Undefined variable $akun_peserta
[Method: GET, Route: tim/tambah]
in APPPATH\Views\tim\form.php on line 23.
 1 APPPATH\Views\tim\form.php(23): CodeIgniter\Debug\Exceptions->errorHandler(2, 'Undefined variable $akun_peserta', 'C:\\xampp\\htdocs\\UASPW\\app\\Views\\tim\\form.php', 23)
 2 SYSTEMPATH\View\View.php(238): include('C:\\xampp\\htdocs\\UASPW\\app\\Views\\tim\\form.php')
 3 SYSTEMPATH\View\View.php(241): CodeIgniter\View\View->CodeIgniter\View\{closure}()
 4 SYSTEMPATH\Common.php(1250): CodeIgniter\View\View->render('tim/form', [], true)
 5 APPPATH\Controllers\Tim.php(52): view('tim/form', [...])
 6 SYSTEMPATH\CodeIgniter.php(951): App\Controllers\Tim->tambah()
 7 SYSTEMPATH\CodeIgniter.php(497): CodeIgniter\CodeIgniter->runController(Object(App\Controllers\Tim))
 8 SYSTEMPATH\CodeIgniter.php(340): CodeIgniter\CodeIgniter->handleRequest(null, Object(Config\Cache), false)
 9 SYSTEMPATH\Boot.php(417): CodeIgniter\CodeIgniter->run()
10 SYSTEMPATH\Boot.php(68): CodeIgniter\Boot::runCodeIgniter(Object(CodeIgniter\CodeIgniter))
11 FCPATH\index.php(59): CodeIgniter\Boot::bootWeb(Object(Config\Paths))
CRITICAL - 2026-05-06 10:43:14 --> CodeIgniter\View\Exceptions\ViewException: Invalid file: "tim/profil.php"
[Method: GET, Route: tim/profil]
in SYSTEMPATH\Exceptions\FrameworkException.php on line 39.
 1 SYSTEMPATH\View\View.php(226): CodeIgniter\Exceptions\FrameworkException::forInvalidFile('tim/profil.php')
 2 SYSTEMPATH\Common.php(1250): CodeIgniter\View\View->render('tim/profil', [], true)
 3 APPPATH\Controllers\Tim.php(44): view('tim/profil', [...])
 4 SYSTEMPATH\CodeIgniter.php(951): App\Controllers\Tim->profil()
 5 SYSTEMPATH\CodeIgniter.php(497): CodeIgniter\CodeIgniter->runController(Object(App\Controllers\Tim))
 6 SYSTEMPATH\CodeIgniter.php(340): CodeIgniter\CodeIgniter->handleRequest(null, Object(Config\Cache), false)
 7 SYSTEMPATH\Boot.php(417): CodeIgniter\CodeIgniter->run()
 8 SYSTEMPATH\Boot.php(68): CodeIgniter\Boot::runCodeIgniter(Object(CodeIgniter\CodeIgniter))
 9 FCPATH\index.php(59): CodeIgniter\Boot::bootWeb(Object(Config\Paths))
CRITICAL - 2026-05-06 10:54:29 --> CodeIgniter\View\Exceptions\ViewException: Invalid file: "turnamen/peserta.php"
[Method: GET, Route: turnamen/peserta]
in SYSTEMPATH\Exceptions\FrameworkException.php on line 39.
 1 SYSTEMPATH\View\View.php(226): CodeIgniter\Exceptions\FrameworkException::forInvalidFile('turnamen/peserta.php')
 2 SYSTEMPATH\Common.php(1250): CodeIgniter\View\View->render('turnamen/peserta', [], true)
 3 APPPATH\Controllers\Turnamen.php(44): view('turnamen/peserta', [...])
 4 SYSTEMPATH\CodeIgniter.php(951): App\Controllers\Turnamen->peserta()
 5 SYSTEMPATH\CodeIgniter.php(497): CodeIgniter\CodeIgniter->runController(Object(App\Controllers\Turnamen))
 6 SYSTEMPATH\CodeIgniter.php(340): CodeIgniter\CodeIgniter->handleRequest(null, Object(Config\Cache), false)
 7 SYSTEMPATH\Boot.php(417): CodeIgniter\CodeIgniter->run()
 8 SYSTEMPATH\Boot.php(68): CodeIgniter\Boot::runCodeIgniter(Object(CodeIgniter\CodeIgniter))
 9 FCPATH\index.php(59): CodeIgniter\Boot::bootWeb(Object(Config\Paths))
CRITICAL - 2026-05-06 10:54:46 --> CodeIgniter\View\Exceptions\ViewException: Invalid file: "jadwal/peserta.php"
[Method: GET, Route: jadwal/peserta]
in SYSTEMPATH\Exceptions\FrameworkException.php on line 39.
 1 SYSTEMPATH\View\View.php(226): CodeIgniter\Exceptions\FrameworkException::forInvalidFile('jadwal/peserta.php')
 2 SYSTEMPATH\Common.php(1250): CodeIgniter\View\View->render('jadwal/peserta', [], true)
 3 APPPATH\Controllers\Jadwal.php(43): view('jadwal/peserta', [...])
 4 SYSTEMPATH\CodeIgniter.php(951): App\Controllers\Jadwal->peserta()
 5 SYSTEMPATH\CodeIgniter.php(497): CodeIgniter\CodeIgniter->runController(Object(App\Controllers\Jadwal))
 6 SYSTEMPATH\CodeIgniter.php(340): CodeIgniter\CodeIgniter->handleRequest(null, Object(Config\Cache), false)
 7 SYSTEMPATH\Boot.php(417): CodeIgniter\CodeIgniter->run()
 8 SYSTEMPATH\Boot.php(68): CodeIgniter\Boot::runCodeIgniter(Object(CodeIgniter\CodeIgniter))
 9 FCPATH\index.php(59): CodeIgniter\Boot::bootWeb(Object(Config\Paths))
CRITICAL - 2026-05-06 10:55:27 --> CodeIgniter\View\Exceptions\ViewException: Invalid file: "turnamen/peserta.php"
[Method: GET, Route: turnamen/peserta]
in SYSTEMPATH\Exceptions\FrameworkException.php on line 39.
 1 SYSTEMPATH\View\View.php(226): CodeIgniter\Exceptions\FrameworkException::forInvalidFile('turnamen/peserta.php')
 2 SYSTEMPATH\Common.php(1250): CodeIgniter\View\View->render('turnamen/peserta', [], true)
 3 APPPATH\Controllers\Turnamen.php(44): view('turnamen/peserta', [...])
 4 SYSTEMPATH\CodeIgniter.php(951): App\Controllers\Turnamen->peserta()
 5 SYSTEMPATH\CodeIgniter.php(497): CodeIgniter\CodeIgniter->runController(Object(App\Controllers\Turnamen))
 6 SYSTEMPATH\CodeIgniter.php(340): CodeIgniter\CodeIgniter->handleRequest(null, Object(Config\Cache), false)
 7 SYSTEMPATH\Boot.php(417): CodeIgniter\CodeIgniter->run()
 8 SYSTEMPATH\Boot.php(68): CodeIgniter\Boot::runCodeIgniter(Object(CodeIgniter\CodeIgniter))
 9 FCPATH\index.php(59): CodeIgniter\Boot::bootWeb(Object(Config\Paths))
CRITICAL - 2026-05-06 10:55:41 --> CodeIgniter\View\Exceptions\ViewException: Invalid file: "jadwal/peserta.php"
[Method: GET, Route: jadwal/peserta]
in SYSTEMPATH\Exceptions\FrameworkException.php on line 39.
 1 SYSTEMPATH\View\View.php(226): CodeIgniter\Exceptions\FrameworkException::forInvalidFile('jadwal/peserta.php')
 2 SYSTEMPATH\Common.php(1250): CodeIgniter\View\View->render('jadwal/peserta', [], true)
 3 APPPATH\Controllers\Jadwal.php(43): view('jadwal/peserta', [...])
 4 SYSTEMPATH\CodeIgniter.php(951): App\Controllers\Jadwal->peserta()
 5 SYSTEMPATH\CodeIgniter.php(497): CodeIgniter\CodeIgniter->runController(Object(App\Controllers\Jadwal))
 6 SYSTEMPATH\CodeIgniter.php(340): CodeIgniter\CodeIgniter->handleRequest(null, Object(Config\Cache), false)
 7 SYSTEMPATH\Boot.php(417): CodeIgniter\CodeIgniter->run()
 8 SYSTEMPATH\Boot.php(68): CodeIgniter\Boot::runCodeIgniter(Object(CodeIgniter\CodeIgniter))
 9 FCPATH\index.php(59): CodeIgniter\Boot::bootWeb(Object(Config\Paths))
CRITICAL - 2026-05-06 16:13:19 --> ErrorException: Undefined variable $turnamen_list
[Method: GET, Route: turnamen]
in APPPATH\Views\turnamen\index.php on line 24.
 1 APPPATH\Views\turnamen\index.php(24): CodeIgniter\Debug\Exceptions->errorHandler(2, 'Undefined variable $turnamen_list', 'C:\\xampp\\htdocs\\UASPW\\app\\Views\\turnamen\\index.php', 24)
 2 SYSTEMPATH\View\View.php(238): include('C:\\xampp\\htdocs\\UASPW\\app\\Views\\turnamen\\index.php')
 3 SYSTEMPATH\View\View.php(241): CodeIgniter\View\View->CodeIgniter\View\{closure}()
 4 SYSTEMPATH\Common.php(1250): CodeIgniter\View\View->render('turnamen/index', [], true)
 5 APPPATH\Controllers\Turnamen.php(20): view('turnamen/index', [...])
 6 SYSTEMPATH\CodeIgniter.php(951): App\Controllers\Turnamen->index()
 7 SYSTEMPATH\CodeIgniter.php(497): CodeIgniter\CodeIgniter->runController(Object(App\Controllers\Turnamen))
 8 SYSTEMPATH\CodeIgniter.php(340): CodeIgniter\CodeIgniter->handleRequest(null, Object(Config\Cache), false)
 9 SYSTEMPATH\Boot.php(417): CodeIgniter\CodeIgniter->run()
10 SYSTEMPATH\Boot.php(68): CodeIgniter\Boot::runCodeIgniter(Object(CodeIgniter\CodeIgniter))
11 FCPATH\index.php(59): CodeIgniter\Boot::bootWeb(Object(Config\Paths))
CRITICAL - 2026-05-06 16:13:49 --> ErrorException: Undefined variable $jadwal_list
[Method: GET, Route: jadwal]
in APPPATH\Views\jadwal\index.php on line 24.
 1 APPPATH\Views\jadwal\index.php(24): CodeIgniter\Debug\Exceptions->errorHandler(2, 'Undefined variable $jadwal_list', 'C:\\xampp\\htdocs\\UASPW\\app\\Views\\jadwal\\index.php', 24)
 2 SYSTEMPATH\View\View.php(238): include('C:\\xampp\\htdocs\\UASPW\\app\\Views\\jadwal\\index.php')
 3 SYSTEMPATH\View\View.php(241): CodeIgniter\View\View->CodeIgniter\View\{closure}()
 4 SYSTEMPATH\Common.php(1250): CodeIgniter\View\View->render('jadwal/index', [], true)
 5 APPPATH\Controllers\Jadwal.php(23): view('jadwal/index', [...])
 6 SYSTEMPATH\CodeIgniter.php(951): App\Controllers\Jadwal->index()
 7 SYSTEMPATH\CodeIgniter.php(497): CodeIgniter\CodeIgniter->runController(Object(App\Controllers\Jadwal))
 8 SYSTEMPATH\CodeIgniter.php(340): CodeIgniter\CodeIgniter->handleRequest(null, Object(Config\Cache), false)
 9 SYSTEMPATH\Boot.php(417): CodeIgniter\CodeIgniter->run()
10 SYSTEMPATH\Boot.php(68): CodeIgniter\Boot::runCodeIgniter(Object(CodeIgniter\CodeIgniter))
11 FCPATH\index.php(59): CodeIgniter\Boot::bootWeb(Object(Config\Paths))
CRITICAL - 2026-05-06 16:14:06 --> ErrorException: Undefined variable $skor_list
[Method: GET, Route: skor]
in APPPATH\Views\skor\index.php on line 22.
 1 APPPATH\Views\skor\index.php(22): CodeIgniter\Debug\Exceptions->errorHandler(2, 'Undefined variable $skor_list', 'C:\\xampp\\htdocs\\UASPW\\app\\Views\\skor\\index.php', 22)
 2 SYSTEMPATH\View\View.php(238): include('C:\\xampp\\htdocs\\UASPW\\app\\Views\\skor\\index.php')
 3 SYSTEMPATH\View\View.php(241): CodeIgniter\View\View->CodeIgniter\View\{closure}()
 4 SYSTEMPATH\Common.php(1250): CodeIgniter\View\View->render('skor/index', [], true)
 5 APPPATH\Controllers\Skor.php(22): view('skor/index', [...])
 6 SYSTEMPATH\CodeIgniter.php(951): App\Controllers\Skor->index()
 7 SYSTEMPATH\CodeIgniter.php(497): CodeIgniter\CodeIgniter->runController(Object(App\Controllers\Skor))
 8 SYSTEMPATH\CodeIgniter.php(340): CodeIgniter\CodeIgniter->handleRequest(null, Object(Config\Cache), false)
 9 SYSTEMPATH\Boot.php(417): CodeIgniter\CodeIgniter->run()
10 SYSTEMPATH\Boot.php(68): CodeIgniter\Boot::runCodeIgniter(Object(CodeIgniter\CodeIgniter))
11 FCPATH\index.php(59): CodeIgniter\Boot::bootWeb(Object(Config\Paths))
CRITICAL - 2026-05-06 17:09:14 --> ErrorException: Undefined variable $tim_list
[Method: GET, Route: tim]
in APPPATH\Views\tim\index.php on line 23.
 1 APPPATH\Views\tim\index.php(23): CodeIgniter\Debug\Exceptions->errorHandler(2, 'Undefined variable $tim_list', 'C:\\xampp\\htdocs\\UASPW\\app\\Views\\tim\\index.php', 23)
 2 SYSTEMPATH\View\View.php(238): include('C:\\xampp\\htdocs\\UASPW\\app\\Views\\tim\\index.php')
 3 SYSTEMPATH\View\View.php(241): CodeIgniter\View\View->CodeIgniter\View\{closure}()
 4 SYSTEMPATH\Common.php(1250): CodeIgniter\View\View->render('tim/index', [], true)
 5 APPPATH\Controllers\Tim.php(19): view('tim/index', [...])
 6 SYSTEMPATH\CodeIgniter.php(951): App\Controllers\Tim->index()
 7 SYSTEMPATH\CodeIgniter.php(497): CodeIgniter\CodeIgniter->runController(Object(App\Controllers\Tim))
 8 SYSTEMPATH\CodeIgniter.php(340): CodeIgniter\CodeIgniter->handleRequest(null, Object(Config\Cache), false)
 9 SYSTEMPATH\Boot.php(417): CodeIgniter\CodeIgniter->run()
10 SYSTEMPATH\Boot.php(68): CodeIgniter\Boot::runCodeIgniter(Object(CodeIgniter\CodeIgniter))
11 FCPATH\index.php(59): CodeIgniter\Boot::bootWeb(Object(Config\Paths))
